82612
960 969
947 968
943 955
904 973
886 993
870 983
859 906
857 975
854 966
852 980
822 893
812 824
804 821
803 933
799 895
797 887
792 798
788 937
784 876
783 789
778 928
777 910
776 911
774 847
773 796
770 841
767 819
758 897
754 828
752 809
746 875
745 761
744 883
737 753
735 989
733 918
731 850
729 944
723 839
721 844
718 829
710 749
706 987
705 970
704 873
701 985
699 972
696 750
694 860
691 719
686 801
683 992
682 849
681 924
674 763
668 782
665 846
663 814
658 728
653 954
652 927
650 865
641 755
636 871
635 657
633 677
632 734
629 693
627 639
625 651
622 830
615 817
611 738
610 642
605 630
604 833
600 743
597 816
596 656
590 672
588 934
587 913
583 888
582 995
581 741
579 900
578 872
574 708
573 667
572 607
571 984
570 601
569 732
567 986
563 617
562 935
561 914
560 786
557 566
556 787
551 864
547 957
546 1000
545 856
543 866
542 835
535 626
533 765
531 742
528 666
527 976
525 855
521 915
520 647
519 707
518 942
517 952
515 956
513 800
512 825
511 575
510 669
509 994
504 781
498 593
496 506
493 603
491 695
487 780
485 730
481 648
478 712
472 532
471 823
469 702
466 772
464 640
461 685
459 725
457 711
456 940
454 595
453 715
451 979
450 552
449 458
448 902
447 689
446 793
444 878
442 540
438 634
432 762
431 811
430 950
429 644
428 885
424 654
423 981
420 813
419 790
418 794
417 612
416 923
415 497
414 539
409 808
408 815
407 726
406 964
405 963
403 538
400 697
396 766
395 631
394 486
392 548
391 479
388 549
386 577
382 649
380 664
379 505
378 861
377 646
376 898
375 389
374 879
373 384
368 580
367 842
363 818
362 402
361 401
360 441
359 810
352 398
351 443
350 381
348 523
347 687
344 827
343 455
341 920
339 645
338 662
337 404
334 619
333 931
328 894
327 437
326 736
324 585
323 503
321 764
320 356
319 586
318 475
317 413
316 364
315 722
313 329
307 756
305 676
304 858
303 659
300 489
297 426
296 890
295 298
294 698
293 558
292 550
291 594
290 336
289 747
288 495
287 949
286 785
285 529
284 621
283 427
282 445
281 990
280 340
279 565
276 953
272 470
271 383
270 609
269 624
267 599
265 530
264 553
262 899
260 834
259 905
258 616
256 971
255 589
254 628
253 896
251 537
250 655
248 868
247 845
246 322
245 901
242 775
240 435
239 516
238 433
237 807
233 925
232 759
231 266
230 576
229 554
228 938
227 919
226 941
225 330
224 838
221 922
220 982
217 555
216 671
215 769
213 257
212 678
211 308
209 241
208 805
206 488
204 602
203 218
201 768
200 207
199 235
197 205
194 278
193 243
192 908
191 851
190 826
189 757
188 274
187 234
186 480
185 916
184 661
183 848
182 727
181 959
180 832
179 273
178 223
177 692
176 325
174 739
173 452
172 309
171 355
170 608
169 837
165 771
164 473
163 202
162 210
161 703
160 476
159 349
158 524
156 477
155 717
154 606
153 909
152 863
151 936
150 342
149 779
148 314
147 568
146 917
145 482
144 436
143 831
142 880
141 740
140 613
139 541
138 399
137 714
134 275
133 462
129 310
128 820
127 440
126 688
124 713
123 889
122 536
121 912
120 332
119 306
118 836
117 620
116 903
115 252
114 974
113 214
112 474
111 167
110 932
109 268
107 397
106 660
105 802
104 393
103 507
102 195
101 522
100 196
98 125
97 795
96 670
95 700
94 421
92 277
91 598
90 684
89 299
88 490
87 157
86 840
85 219
84 724
83 623
82 951
81 716
80 751
79 331
78 921
76 591
75 965
74 991
73 643
72 514
71 168
70 853
69 175
68 93
67 236
66 439
65 926
64 939
63 387
62 222
61 390
60 967
59 534
58 709
57 791
55 614
54 335
53 720
52 463
51 422
50 370
49 508
48 166
47 494
46 760
45 869
44 526
43 465
42 806
41 673
40 559
39 948
38 425
37 618
36 996
35 244
34 312
33 77
32 592
31 867
30 988
29 544
28 56
27 385
26 999
25 492
24 410
23 99
22 584
21 748
20 261
19 311
18 564
17 862
16 369
15 460
14 907
13 130
12 434
11 874
10 877
9 263
8 198
7 884
6 690
5 675
4 843
3 108
2 249
1 958
997 998
977 978
961 962
945 946
929 930
891 892
881 882
679 680
637 638
501 502
499 500
483 484
467 468
411 412
371 372
365 366
357 358
353 354
345 346
301 302
135 136
131 132
