977128
9963 9973
9785 9788
9772 9958
9738 9826
9722 9795
9634 9817
9621 9762
9600 9640
9593 9846
9575 9577
9508 9763
9499 9819
9496 9915
9462 9566
9432 9894
9415 9622
9410 9872
9401 9545
9383 9724
9379 9812
9370 9377
9369 9534
9365 9895
9347 9480
9320 9992
9294 9804
9287 9422
9282 9353
9253 9754
9241 9409
9240 9273
9237 9315
9231 9337
9229 9809
9202 9387
9196 9319
9189 9697
9166 9440
9124 9331
9106 9859
9088 9771
9078 9169
9064 9956
9056 9270
9026 9057
9025 9921
9023 9687
9020 9693
9012 9217
9003 9014
8999 9122
8997 9789
8993 9879
8986 9937
8972 9982
8969 9389
8955 9266
8943 9625
8931 9739
8929 9978
8918 9970
8916 9307
8915 9773
8909 9607
8882 9491
8858 9069
8852 8992
8835 9648
8822 9900
8815 9947
8808 9011
8797 9180
8748 9129
8745 8958
8744 8776
8731 9555
8721 9916
8717 8811
8716 9083
8707 9558
8706 8809
8701 9851
8691 10000
8686 9311
8679 9860
8672 9878
8666 9157
8663 9791
8660 9355
8653 9579
8650 9443
8648 8941
8629 9624
8627 9677
8624 9465
8623 9382
8622 9561
8614 9658
8612 9680
8611 8978
8608 9396
8589 8762
8588 9456
8586 9779
8585 9884
8583 9869
8569 9286
8564 9492
8559 9107
8552 8976
8542 8939
8535 9301
8528 9610
8523 9966
8522 9960
8521 9529
8513 9655
8512 9070
8510 8591
8509 9050
8504 8883
8500 8599
8494 8964
8485 9038
8474 9683
8473 9092
8471 9590
8466 9840
8465 9302
8459 9526
8458 9111
8447 9414
8446 9372
8437 9148
8430 8859
8419 9769
8410 9803
8409 9464
8405 9663
8389 9165
8378 9719
8377 8967
8372 9139
8367 8680
8364 8649
8362 8490
8351 9310
8344 9962
8330 9125
8327 9300
8315 9391
8298 9661
8289 8937
8280 8358
8267 9943
8266 8693
8249 8639
8245 9813
8243 9118
8241 8644
8238 8563
8234 9459
8231 8366
8228 9669
8227 8265
8225 8723
8219 9258
8217 9525
8215 9362
8203 8412
8201 8730
8195 8953
8184 9314
8182 8260
8176 9509
8174 9832
8173 8518
8170 9685
8163 9506
8152 8392
8147 9532
8140 8342
8128 9951
8125 9435
8121 8575
8105 8954
8103 8792
8078 8313
8075 9144
8065 8872
8054 9228
8046 9364
8030 8481
8025 9885
8020 9702
8014 9618
8002 8720
7998 8863
7995 8335
7976 9619
7971 9096
7968 8077
7962 8085
7958 9073
7954 9032
7950 8899
7928 9706
7925 8924
7923 8897
7910 8239
7907 9660
7903 8246
7901 9442
7897 9925
7892 9380
7888 9727
7872 9794
7871 8283
7867 9188
7856 8634
7846 9101
7839 9097
7835 9017
7820 9574
7815 9750
7802 9829
7801 9119
7799 9926
7796 9022
7788 8134
7783 8602
7781 8828
7780 9542
7779 9141
7766 7997
7752 9888
7749 9870
7748 9753
7747 9257
7733 8854
7729 7993
7726 9595
7724 8018
7718 9214
7716 8658
7715 8669
7712 8460
7710 9862
7708 9049
7703 8887
7700 9482
7698 8984
7696 7817
7693 9427
7683 9854
7681 8198
7674 8306
7656 9068
7654 8805
7653 8827
7650 9767
7632 9865
7630 9072
7627 7813
7625 9121
7618 9774
7617 9290
7613 7616
7605 7701
7601 9959
7596 8537
7595 9156
7592 9179
7590 9611
7586 9861
7582 7763
7579 8329
7576 8355
7563 7772
7562 8209
7559 8080
7557 8396
7547 8824
7544 8381
7542 8697
7538 8200
7537 9235
7535 8579
7533 9796
7530 8630
7529 8934
7523 9673
7521 8199
7520 8353
7518 9598
7514 9638
7510 9886
7507 8493
7505 8295
7504 8016
7502 9264
7499 9324
7498 8807
7491 8311
7486 8398
7483 8788
7481 9515
7479 7581
7473 9720
7466 8846
7463 9814
7443 8457
7441 7554
7438 9417
7432 9802
7430 8981
7428 9359
7425 9902
7423 7759
7420 9212
7419 7599
7412 8268
7409 7879
7406 8699
7402 8011
7392 9787
7386 8965
7380 9971
7379 7722
7378 8294
7374 7470
7371 9582
7366 9906
7354 9735
7350 7829
7347 8439
7344 9486
7342 9010
7341 8448
7333 7793
7328 7413
7325 8764
7324 9873
7322 8526
7320 8829
7313 8401
7307 8095
7306 8097
7302 8637
7301 9131
7300 8749
7297 8361
7296 9761
7293 8210
7292 8040
7290 7355
7289 9500
7288 9191
7287 7427
7286 7546
7284 9328
7280 9556
7275 7311
7274 8654
7267 8032
7260 9368
7256 9546
7252 7926
7250 8385
7246 9507
7244 8684
7239 9293
7237 9386
7235 9608
7228 8989
7227 9665
7225 7804
7222 7570
7221 7440
7217 7682
7214 7528
7209 7266
7207 8264
7201 8247
7199 8806
7196 9134
7191 9424
7189 9602
7182 7959
7171 8995
7166 8710
7164 9968
7160 9631
7157 7471
7156 9576
7154 8538
7147 9451
7146 8087
7139 7490
7137 8382
7131 9404
7128 9306
7123 8233
7122 9067
7115 8674
7112 8055
7108 9447
7106 7744
7105 7210
7104 7133
7101 8871
7099 9186
7097 7814
7096 9183
7090 8646
7089 7966
7086 7319
7083 8556
7082 9013
7079 9549
7075 9570
7073 8454
7068 7174
7064 9686
7063 7181
7058 8800
7050 7979
7048 8961
7044 9153
7043 7516
7039 7797
7036 7911
7034 7268
7032 8985
7024 9254
7019 8755
7015 9412
7011 7782
7010 9584
7008 7385
7004 8324
7002 7226
7000 8746
6999 7713
6997 8996
6996 9587
6994 9758
6993 7278
6988 7978
6987 7407
6984 9592
6981 9394
6979 9880
6976 7265
6974 7667
6969 8703
6967 7721
6964 8761
6962 8135
6960 8048
6957 9200
6954 9786
6951 8003
6950 8451
6947 8477
6942 9896
6938 7931
6937 8414
6936 7818
6927 8547
6926 9039
6925 7728
6924 7607
6922 7177
6921 9479
6920 7135
6917 7844
6915 8812
6913 8683
6910 7825
6908 9297
6907 8574
6905 9348
6902 8132
6898 6929
6897 7845
6895 7066
6890 9936
6889 7013
6884 8856
6883 9944
6882 7061
6872 9074
6863 7321
6858 8638
6856 7746
6854 7947
6852 9467
6842 6966
6841 7397
6837 7215
6834 7219
6831 7185
6829 7332
6828 7685
6826 8844
6825 8340
6821 8890
6809 9552
6807 8581
6800 9922
6799 7125
6795 8123
6793 8467
6788 7370
6787 8115
6784 9513
6782 9917
6781 9008
6780 9063
6774 9636
6771 8155
6770 7905
6767 7984
6760 9344
6755 8671
6749 9635
6746 9046
6739 7113
6737 7527
6732 9554
6723 8914
6720 9326
6719 9360
6718 8787
6713 7067
6711 9755
6710 7040
6704 8058
6697 7842
6696 7913
6694 9783
6687 7610
6685 9932
6684 9345
6681 9742
6673 8424
6671 8902
6670 7497
6669 8334
6666 7356
6661 7192
6659 9093
6653 7088
6651 6812
6650 8278
6647 9206
6644 9031
6643 7468
6642 7116
6640 7276
6634 8177
6633 7792
6630 7375
6625 7052
6624 7758
6621 7434
6619 9051
6618 7597
6617 7849
6615 9316
6613 7551
6608 9421
6607 9684
6606 8441
6603 9985
6602 7485
6600 9024
6599 9248
6597 9897
6591 9744
6590 8540
6588 6731
6586 8360
6585 8122
6579 9569
6575 8694
6572 8302
6570 9374
6561 6750
6554 8042
6550 9334
6548 9428
6546 8860
6545 9132
6540 9062
6539 6674
6538 9035
6537 7494
6532 9213
6530 7970
6528 9045
6527 6689
6524 8848
6520 7567
6517 9110
6516 6637
6514 9117
6510 9028
6508 7224
6506 8486
6505 9733
6504 8433
6503 7148
6501 7315
6498 8041
6495 6855
6494 7422
6488 8994
6486 6740
6482 8096
6481 7414
6480 7558
6479 7736
6475 7631
6472 9868
6469 8606
6468 7960
6466 7608
6463 9882
6456 8966
6455 8938
6454 8873
6449 9907
6444 6641
6438 7144
6433 9604
6431 8417
6430 9793
6426 7100
6422 8785
6416 9187
6415 7573
6413 6805
6412 9489
6402 6839
6398 6605
6397 7730
6396 7670
6394 9816
6393 9090
6383 8204
6379 7359
6377 8232
6374 8719
6370 8275
6366 9747
6365 9205
6363 7457
6362 6639
6354 9911
6353 9979
6348 8074
6347 9246
6346 7694
6345 8832
6339 7436
6335 6654
6327 9375
6322 6721
6317 6485
6316 9299
6315 8561
6313 9339
6310 9215
6308 7946
6304 7652
6300 8183
6296 7762
6293 7509
6292 9821
6284 7991
6282 9234
6281 9505
6280 8635
6278 7898
6275 8047
6272 8212
6271 9972
6270 8499
6269 8618
6267 6820
6266 9058
6262 9322
6260 7084
6259 8757
6258 9740
6253 6571
6252 9275
6249 8782
6248 7390
6245 8845
6244 9938
6238 8791
6235 9336
6233 6523
6232 9423
6230 9474
6229 9091
6225 9591
6224 9283
6222 8445
6219 6307
6213 7264
6210 7695
6204 8625
6202 8443
6191 9466
6189 8567
6188 8910
6187 8365
6182 9007
6178 9019
6177 7902
6172 8400
6171 7421
6168 8379
6165 9535
6164 6467
6163 6436
6161 6688
6160 7941
6155 8156
6154 6500
6146 8511
6145 9790
6144 8390
6142 7734
6141 8722
6140 6236
6139 7365
6138 6879
6134 8768
6133 7635
6132 8531
6126 7987
6124 6663
6122 6768
6121 6672
6117 8165
6116 8472
6115 9152
6114 7886
6113 7158
6112 9207
6111 9748
6108 7855
6106 7231
6103 8865
6098 8193
6097 6656
6094 9594
6089 9560
6087 8036
6082 8987
6079 9583
6077 9910
6076 9002
6073 6701
6071 7489
6066 7251
6065 8597
6057 9190
6056 8285
6053 9848
6052 6859
6051 7018
6048 6985
6046 9210
6044 7299
6042 9103
6041 8982
6032 8690
6030 8558
6029 8015
6028 7234
6026 8942
6025 9642
6022 7373
6019 6930
6018 6050
6017 6338
6012 6411
6011 7585
6006 8159
6001 7992
6000 9366
5999 6350
5998 8099
5996 8126
5995 6390
5994 8339
5992 8033
5990 7833
5988 7848
5986 8549
5985 7305
5984 8319
5983 8980
5980 6055
5979 9222
5975 6290
5972 6693
5969 9581
5967 8090
5966 6827
5964 8432
5963 8850
5958 6946
5954 6918
5950 8619
5948 6823
5945 7335
5943 7863
5942 9105
5941 8946
5939 9175
5938 9015
5934 8962
5933 7111
5932 6221
5922 9444
5921 8119
5914 7798
5912 8427
5911 6992
5905 9923
5903 7964
5899 9662
5898 6080
5896 8903
5894 9743
5893 6302
5890 9130
5889 8062
5888 6341
5887 9504
5886 5917
5884 6664
5881 9807
5880 9350
5879 8577
5877 7889
5875 8959
5874 8072
5871 6773
5870 9001
5869 6660
5868 6958
5867 8375
5862 5955
5860 7899
5859 6904
5858 9128
5857 8685
5856 8603
5855 7368
5853 7309
5852 8191
5847 8092
5846 7664
5845 6201
5844 7345
5842 5849
5841 9176
5833 7223
5831 6288
5830 6170
5829 6806
5827 6553
5826 8632
5822 7358
5820 9343
5819 5839
5817 8482
5812 7687
5809 6036
5807 8117
5805 7415
5803 7519
5800 6086
5799 9340
5796 6176
5795 9249
5794 8230
5792 8429
5791 7072
5788 8718
5786 9537
5784 5970
5782 7771
5780 7909
5776 7400
5774 9845
5772 9138
5768 9338
5767 6645
5765 6234
5762 8418
5759 9723
5758 9521
5753 7965
5752 6158
5750 8497
5748 5760
5747 8034
5741 9824
5735 9147
5728 7168
5726 7074
5725 6903
5723 8560
5722 6400
5721 9327
5720 6845
5719 9199
5718 7213
5713 9367
5708 9856
5705 9080
5704 8921
5701 8110
5700 8371
5699 7369
5696 9352
5694 7142
5692 9441
5691 6382
5689 9198
5687 8207
5682 6287
5676 7522
5675 8120
5669 9995
5665 8979
5663 9933
5662 9765
5661 7472
5660 8109
5659 5854
5658 8220
5657 7055
5656 6556
5653 8517
5647 9145
5646 7367
5645 9378
5642 7785
5641 8129
5636 9494
5631 9909
5627 8188
5623 8341
5618 9912
5615 9332
5610 8470
5608 8732
5607 5804
5605 6900
5601 6867
5600 5731
5598 6181
5597 7655
5593 6934
5591 7720
5590 7184
5589 8847
5587 8770
5586 8029
5585 5815
5580 6794
5578 7121
5577 7005
5576 6417
5573 6741
5572 7826
5570 8461
5568 9955
5566 9277
5565 8715
5563 7996
5561 9184
5560 7986
5557 8114
5556 6735
5555 8450
5553 6276
5551 9548
5550 8086
5543 6497
5542 6458
5539 9060
5531 9776
5530 7060
5529 8640
5528 6183
5527 9403
5525 6824
5522 8926
5521 6869
5519 9252
5517 8554
5516 8214
5514 6894
5511 8605
5508 7945
5507 6715
5506 9265
5505 5596
5503 5613
5498 8349
5491 9839
5489 5674
5484 6564
5483 8501
5480 5946
5478 8056
5476 9725
5472 7329
5471 6423
5467 6604
5466 9016
5465 9411
5462 6190
5461 5486
5460 8101
5458 7254
5457 5814
5456 9238
5454 8673
5453 6801
5450 6088
5447 5552
5444 9044
5441 7860
5438 7707
5437 9945
5434 6683
5433 8604
5432 6756
5429 6357
5428 5806
5427 6100
5422 6256
5419 7956
5415 8263
5414 5764
5413 8136
5411 7739
5405 8553
5402 9805
5401 8814
5400 5463
5399 8956
5398 9484
5396 9606
5394 6194
5392 8160
5391 6318
5389 5634
5386 6460
5385 9941
5384 9989
5383 7830
5381 6010
5379 9452
5378 5567
5377 7248
5375 9578
5372 6045
5370 6789
5369 5469
5368 8093
5366 8988
5362 8442
5360 7908
5358 6033
5357 9173
5356 9158
5355 9698
5354 9455
5353 7784
5350 9980
5349 9637
5348 9538
5347 9866
5346 5470
5344 6891
5341 5915
5339 7671
5335 6881
5334 7150
5331 9760
5329 8370
5327 9126
5326 9700
5325 6686
5321 8145
5320 6004
5319 8596
5316 7492
5315 6923
5310 6544
5309 6512
5308 5536
5307 8476
5301 9457
5298 8081
5297 9820
5295 7351
5294 9260
5293 7963
5291 9071
5286 6414
5285 7444
5283 8801
5282 6816
5281 6323
5280 9857
5279 5864
5278 5512
5276 8235
5274 8187
5273 8944
5270 8935
5267 6557
5266 5637
5262 6808
5259 7866
5258 9699
5256 7030
5255 5991
5254 8196
5253 7809
5251 5902
5249 9730
5247 8867
5246 6956
5244 7294
5243 9059
5242 7065
5241 7197
5239 6198
5238 7745
5237 5240
5236 5711
5234 7458
5232 9185
5231 8345
5223 7719
5222 6150
5220 8798
5218 9675
5216 9863
5215 7575
5214 5364
5213 6208
5212 7126
5210 9701
5209 8312
5208 9211
5206 6473
5203 8130
5200 5314
5199 5923
5195 9143
5194 9550
5193 9728
5187 8303
5186 6446
5183 6067
5180 5883
5178 7919
5173 8784
5172 9018
5168 7884
5167 9390
5165 8974
5163 9495
5162 6083
5161 8610
5159 8642
5158 6375
5157 9135
5153 9376
5152 6298
5149 7391
5148 5756
5145 6489
5139 7261
5137 9670
5133 5352
5130 6676
5128 8279
5124 7085
5123 5455
5122 6257
5119 8089
5117 6432
5113 6725
5112 8532
5111 8277
5108 8252
5107 8044
5106 6342
5105 6410
5103 8179
5102 8273
5101 7236
5100 7078
5091 6811
5089 5746
5086 5229
5085 6228
5084 7743
5083 9251
5082 9585
5081 7045
5080 6655
5079 5304
5078 8423
5077 8452
5076 8440
5070 9990
5069 7662
5068 6487
5067 6268
5066 7314
5065 8819
5064 7389
5063 5439
5058 5509
5057 6594
5055 9613
5054 9965
5053 7647
5052 8304
5049 5878
5048 6118
5047 5968
5043 5288
5042 5093
5041 8261
5040 9109
5039 5541
5037 5873
5036 5959
5030 5406
5029 7769
5027 7935
5023 9935
5021 5848
5020 8692
5018 9903
5017 7220
5013 9953
5012 8789
5009 6933
5008 7469
5005 9037
5002 7119
5000 8495
4998 6127
4996 9844
4994 7556
4989 7041
4986 5581
4983 5743
4981 8376
4980 7614
4978 6203
4975 7686
4974 5621
4971 5502
4970 6796
4969 7394
4968 8226
4966 9469
4963 7027
4961 7930
4960 7035
4957 6157
4955 6352
4954 7705
4953 7230
4951 7484
4949 8487
4948 8369
4946 9741
4945 5003
4944 6803
4938 8794
4937 6533
4936 6306
4934 9918
4929 9490
4927 7765
4924 9678
4921 6197
4920 7588
4918 7552
4917 7247
4916 6099
4915 6369
4913 5925
4912 6448
4909 6909
4906 5635
4905 7823
4904 5872
4901 8533
4899 8544
4898 9986
4897 7847
4896 8288
4894 9218
4891 9493
4890 5332
4889 5345
4888 8023
4886 7134
4885 9620
4883 7893
4878 8314
4874 9120
4873 7057
4872 5727
4870 6107
4868 5045
4866 7352
4865 8356
4864 4884
4863 5219
4861 9830
4860 7795
4859 5956
4857 7242
4854 7512
4852 7906
4851 9528
4850 6023
4849 6091
4846 6462
4845 5540
4842 9084
4841 6810
4840 8262
4837 8775
4836 8317
4835 8904
4834 9565
4833 9483
4832 7778
4831 6876
4830 8948
4827 7648
4825 7750
4821 9617
4820 9182
4814 6336
4813 6499
4812 4992
4810 6092
4809 7298
4805 9981
4804 9420
4803 6569
4801 5940
4799 9828
4797 5865
4796 9089
4794 5974
4793 7690
4792 7775
4789 6939
4788 6682
4786 7790
4783 7985
4782 8208
4781 9567
4780 4940
4779 5011
4777 6515
4776 8670
4775 7767
4774 5374
4772 8338
4769 8019
4766 5198
4765 9967
4764 9271
4763 4767
4759 5712
4758 6649
4756 8352
4753 8689
4752 6609
4751 5574
4749 5072
4748 8551
4747 6940
4743 6850
4740 5895
4739 9731
4738 8592
4737 5318
4731 8005
4730 5177
4729 6309
4727 7704
4725 8803
4722 9061
4721 8760
4719 8455
4717 9296
4716 5971
4715 6541
4711 5545
4710 9881
4709 7922
4708 7526
4706 7340
4705 5204
4701 7841
4700 5651
4697 8759
4696 6166
4695 5435
4690 6736
4687 5449
4685 9551
4684 8462
4683 6551
4682 6427
4679 8001
4678 5793
4677 4699
4676 5935
4673 6361
4671 5407
4669 8594
4668 7372
4667 5558
4666 8386
4665 6381
4664 5668
4661 9268
4658 6822
4653 9757
4650 4713
4646 8098
4644 6312
4643 4651
4640 5549
4635 4680
4633 9792
4632 9847
4631 6703
4629 5554
4628 9267
4625 4771
4624 9522
4622 5976
4621 8550
4620 6409
4616 7717
4614 5160
4611 8580
4610 7475
4609 4979
4608 5190
4606 9446
4605 6002
4603 9931
4600 4853
4599 6016
4598 9647
4595 7633
4593 7241
4592 7896
4590 6457
4588 7606
4585 5982
4584 6254
4583 7047
4580 5300
4578 8434
4574 6405
4573 6559
4572 9230
4571 5303
4569 8652
4568 9664
4567 7646
4566 8242
4564 5143
4563 7193
4561 9780
4560 5648
4559 9734
4558 6128
4557 6911
4554 5445
4552 9099
4551 9220
4550 5182
4549 6227
4548 5051
4547 6726
4546 9116
4542 7794
4540 7918
4537 5751
4536 6193
4533 7822
4530 7878
4528 6593
4526 5715
4521 4811
4516 7304
4514 9827
4509 8061
4508 4522
4505 7136
4504 9801
4503 8700
4501 9659
4500 7851
4496 8073
4494 5629
4493 6285
4491 9181
4490 6195
4489 8708
4488 6631
4487 9438
4485 7257
4484 8118
4480 4977
4478 6027
4476 7138
4475 8712
4474 6970
4472 7553
4471 5371
4468 9650
4466 5616
4463 9682
4461 8449
4458 9842
4457 8878
4456 5781
4451 6241
4448 4473
4446 4922
4445 9323
4442 5909
4441 6529
4440 6452
4439 8565
4436 7348
4435 5166
4434 8479
4433 7808
4432 6231
4431 5333
4430 6024
4429 9643
4428 7003
4427 4576
4425 8780
4423 8525
4421 5951
4420 5931
4419 9433
4417 7062
4415 6047
4414 6344
4413 8727
4412 5088
4411 9006
4409 7940
4404 9065
4403 6717
4400 8751
4399 6875
4396 9800
4394 6836
4393 6102
4392 8919
4388 4941
4387 8346
4381 4579
4380 8124
4379 9098
4377 8543
4376 7679
4375 5851
4374 4757
4373 5290
4372 4663
4371 4482
4369 5790
4368 9707
4366 8190
4363 7961
4362 6943
4360 6534
4359 7016
4358 9295
4356 7388
4354 9709
4353 9274
4349 5265
4348 9151
4347 9034
4346 8394
4341 9597
4340 5302
4339 9831
4338 5059
4335 8615
4334 7411
4333 8222
4332 5798
4330 7395
4329 6716
4326 6699
4325 8739
4324 5952
4323 7312
4322 6442
4321 6003
4318 5313
4315 8682
4313 9908
4312 9849
4308 8024
4307 7982
4306 6246
4305 4843
4303 7141
4302 5628
4301 7330
4299 7589
4298 7969
4293 8584
4292 5714
4291 9998
4287 8864
4285 4982
4284 6380
4282 9082
4281 6813
4280 6730
4278 4991
4276 5090
4275 4297
4273 4768
4272 4384
4271 9889
4270 4910
4269 8420
4267 7755
4266 7357
4264 5230
4262 8920
4260 7129
4259 7132
4258 8489
4257 7203
4253 4255
4252 5777
4251 8771
4250 7229
4249 9759
4247 7602
4246 7807
4245 8326
4243 5474
4242 8572
4241 8593
4240 5891
4239 5622
4237 5702
4236 7836
4234 4728
4233 9808
4232 7303
4231 7176
4228 4790
4224 9524
4220 5403
4219 5916
4217 5343
4216 8655
4213 8983
4209 6542
4208 4397
4207 8272
4206 5717
4205 9836
4204 7381
4203 8777
4201 9705
4199 5667
4198 9536
4197 9666
4196 4887
4194 5681
4191 4642
4190 8422
4189 8067
4186 5129
4185 6778
4183 9308
4181 4591
4177 6990
4175 6493
4173 8293
4170 8818
4169 6356
4166 6343
4165 8037
4164 4649
4162 7080
4160 9919
4158 5322
4157 5671
4156 5632
4153 7500
4148 8617
4144 7232
4142 4502
4138 4875
4137 7864
4136 5299
4134 8070
4132 4902
4131 4619
4130 6762
4129 5487
4127 9261
4125 9572
4124 7891
4123 8491
4121 9405
4120 5038
4118 5684
4115 5312
4113 4531
4111 6360
4110 7821
4107 7622
4101 6745
4097 9948
4096 5666
4095 4828
4093 8783
4090 8950
4088 7308
4087 4100
4086 7932
4085 6888
4084 7161
4083 5060
4082 4365
4079 5736
4077 9208
4073 4577
4071 5761
4070 5785
4069 7684
4068 4094
4065 8728
4064 7093
4063 6567
4059 8912
4058 9197
4057 7323
4056 9874
4055 8647
4054 7102
4053 8281
4052 8877
4051 5801
4049 4694
4047 7895
4045 5412
4042 8331
4041 4967
4037 9223
4035 8741
4034 5594
4033 7600
4030 5115
4028 7869
4027 9342
4026 8475
4024 4844
4023 6058
4022 6009
4020 6978
4018 6084
4014 4947
4012 4426
4010 8284
4008 4116
4007 5007
4003 5518
4002 6184
4001 4108
4000 4479
3996 9468
3995 7709
3993 7791
3992 8363
3991 9460
3990 8868
3984 9689
3983 5410
3980 5609
3979 4038
3977 9363
3974 6286
3972 4497
3971 4880
3970 7120
3968 6712
3967 4933
3966 7628
3965 4787
3963 9054
3961 7574
3959 9250
3957 4103
3956 4390
3954 9530
3953 8767
3952 7091
3951 5744
3948 4481
3947 9177
3945 9413
3944 6589
3941 4337
3940 6815
3939 7668
3938 8555
3935 4990
3933 9476
3932 4691
3930 9901
3929 4972
3926 7786
3925 9009
3924 7990
3923 7482
3922 7688
3920 5426
3916 4447
3915 8453
3913 6062
3912 5652
3907 9453
3906 7384
3905 6131
3902 4290
3901 7692
3900 5901
3899 4146
3898 8631
3895 3946
3894 5337
3891 5892
3890 6786
3888 9913
3887 4179
3886 7626
3884 5987
3881 5277
3880 8006
3876 7049
3874 7205
3868 4159
3866 6578
3865 8702
3863 6691
3862 5061
3857 7732
3856 8012
3855 9075
3854 6247
3853 4818
3852 4016
3851 6212
3848 9488
3846 8866
3844 6783
3843 8971
3842 4274
3841 6998
3840 5271
3838 7587
3837 7238
3831 9397
3830 9797
3829 8186
3827 8960
3826 9942
3825 9818
3822 6623
3820 6180
3816 4046
3814 5630
3809 6136
3808 7760
3807 4395
3806 9904
3805 5446
3804 5260
3803 4006
3800 8383
3799 3896
3797 7188
3795 9999
3793 8463
3792 4036
3790 4698
3789 3834
3788 4923
3787 7644
3786 4011
3785 5936
3784 6445
3782 3869
3780 7936
3779 8237
3777 8675
3776 9586
3775 7678
3773 5495
3772 9503
3769 8705
3768 7723
3766 8861
3763 5188
3762 6945
3761 8059
3760 5110
3759 8795
3758 8192
3757 8911
3756 4407
3755 9927
3753 5703
3752 9691
3751 5738
3750 7450
3748 7495
3744 6627
3742 7053
3741 7741
3740 5740
3739 9626
3736 4744
3734 9478
3732 5604
3731 4824
3730 9281
3725 7175
3724 5732
3723 5387
3721 7056
3720 7190
3718 5025
3716 4601
3715 3982
3714 3976
3712 9304
3709 5136
3705 4657
3703 6555
3702 6763
3701 6408
3700 7972
3696 6955
3693 8875
3691 4742
3688 4230
3686 6652
3685 7727
3684 3919
3683 6566
3682 6263
3681 4062
3678 8582
3676 6838
3675 4244
3673 8838
3670 9950
3669 3719
3668 8354
3666 7291
3664 5973
3663 3835
3660 7460
3658 9837
3656 7852
3652 7245
3651 4477
3649 5828
3648 8216
3646 7017
3645 6378
3644 4343
3643 8724
3642 7637
3641 7281
3639 4454
3637 6581
3636 9291
3635 9102
3632 3754
3630 7163
3629 7882
3627 7447
3624 7317
3622 6695
3621 7675
3619 4735
3618 4300
3616 5961
3615 6851
3614 9333
3612 8150
3611 8480
3609 5185
3607 4724
3604 4174
3599 4511
3598 5775
3596 6274
3595 5099
3593 7811
3592 9977
3590 9652
3589 5443
3588 4099
3585 3871
3584 6324
3582 9798
3581 9825
3580 3817
3579 7850
3578 8837
3577 9498
3576 8763
3575 8498
3574 6952
3572 3667
3571 7974
3569 9605
3562 5026
3561 5824
3560 5625
3559 3634
3558 7660
3557 6614
3556 7989
3555 7349
3553 8051
3552 4712
3551 9627
3550 6814
3549 4630
3548 4829
3547 8952
3546 4623
3544 4869
3543 5305
3542 4877
3540 5004
3539 5510
3538 5287
3534 4398
3533 5142
3532 8889
3530 3770
3528 3964
3525 3936
3524 4952
3523 9100
3521 7737
3517 6521
3516 7488
3514 4839
3513 3975
3511 9155
3510 6536
3509 8620
3508 8026
3507 8374
3506 9487
3505 5617
3504 8963
3503 8681
3502 7840
3501 4040
3500 3969
3498 6991
3497 5797
3495 4858
3494 6636
3493 9657
3492 9178
3490 4932
3489 8368
3488 6476
3486 5184
3484 5141
3482 8426
3481 6791
3477 9150
3476 7487
3475 3823
3474 9580
3472 9557
3470 6428
3469 3828
3468 7774
3465 8142
3462 6692
3461 8153
3458 8013
3456 8395
3454 8178
3453 4856
3451 6507
3450 8977
3449 3626
3447 7609
3445 8348
3444 5191
3442 8021
3441 4143
3439 9601
3438 3537
3437 7983
3434 7277
3433 5452
3430 4021
3426 6474
3425 9939
3424 8862
3421 7446
3420 6742
3419 9076
3418 6914
3417 5006
3416 8546
3415 8816
3414 5144
3413 8322
3412 8830
3411 7639
3409 5547
3406 4636
3404 8456
3403 6294
3402 5913
3401 9974
3400 8539
3399 8779
3397 5944
3396 4314
3395 6008
3394 5488
3392 4958
3391 6072
3389 9170
3388 9533
3387 3911
3386 8802
3385 5960
3384 4450
3382 7094
3381 6587
3380 7167
3379 4543
3378 9553
3376 5643
3375 7426
3374 8571
3372 9975
3369 4867
3367 9674
3366 4105
3365 7153
3364 8164
3363 7077
3361 6738
3359 5866
3357 3908
3356 9841
3355 5981
3352 5538
3351 5664
3350 4119
3347 8064
3344 3408
3342 5835
3340 8255
3338 5779
3336 4637
3335 4043
3333 8515
3331 5404
3330 9752
3329 6059
3325 4903
3324 6110
3321 5906
3319 8250
3314 5962
3313 6835
3312 6862
3311 8031
3307 4618
3304 6832
3303 8609
3302 4029
3300 6690
3298 5745
3297 7584
3296 6421
3295 4078
3294 4408
3293 4486
3292 3934
3291 4122
3290 9715
3289 7216
3288 8895
3287 5292
3286 4617
3285 8171
3283 8270
3282 9004
3280 6349
3279 5825
3277 4145
3275 5989
3273 4061
3272 5924
3270 4999
3269 5289
3268 3794
3265 7339
3264 9690
3263 6802
3262 4102
3259 4154
3258 7874
3257 8913
3256 6753
3254 9843
3246 4182
3245 5697
3244 7511
3242 9644
3241 7621
3240 3480
3236 7937
3233 9168
3231 4848
3230 3774
3229 5737
3227 5533
3226 7661
3222 4689
3221 5900
3220 4135
3219 8968
3217 3322
3214 5132
3213 6035
3211 3467
3210 5763
3209 9782
3208 8444
3207 5592
3206 3243
3205 4939
3204 4589
3201 7037
3200 4519
3197 8244
3196 8651
3195 6105
3194 4881
3192 8399
3190 6387
3187 3960
3186 5838
3185 8148
3184 6162
3182 5811
3181 6153
3179 5342
3178 6818
3175 5074
3174 9599
3173 6447
3172 4871
3171 8677
3170 3600
3167 3950
3166 4544
3165 4507
3162 9329
3161 7187
3160 9676
3159 6959
3158 3801
3157 6892
3156 5035
3155 7691
3154 6846
3153 4013
3150 8308
3149 4660
3148 4483
3147 3390
3146 9883
3144 4615
3143 9242
3142 7071
3141 9123
3140 5907
3137 8039
3136 7124
3135 3746
3132 4652
3131 3583
3130 8849
3128 8205
3126 4895
3125 3152
3123 6706
3122 7145
3121 4641
3120 3727
3119 3435
3118 4675
3116 8874
3115 8469
3114 3978
3113 7162
3112 5787
3110 4311
3109 8752
3108 8106
3106 8529
3105 9471
3104 9232
3103 9852
3102 9351
3100 6657
3098 3343
3097 4826
3096 4210
3095 4218
3091 9079
3089 5125
3088 4525
3086 8082
3083 3085
3082 3249
3081 6031
3080 4081
3079 5365
3078 5688
3077 9146
3076 8601
3075 3111
3074 8633
3073 7543
3072 5189
3070 4672
3069 3791
3068 7933
3066 4277
3065 9646
3063 3613
3062 4492
3061 6776
3060 9540
3059 4076
3057 4498
3056 5595
3055 6492
3053 5207
3051 4538
3048 3054
3047 6565
3046 9893
3044 7865
3043 7508
3042 6074
3040 6471
3038 7536
3036 7453
3035 5324
3034 6435
3033 5050
3032 7095
3031 4714
3029 8790
3028 8224
3026 3949
3025 6635
3023 3443
3022 6759
3021 6678
3019 8534
3017 9112
3016 9997
3015 7211
3014 6971
3008 4438
3007 5150
3006 4662
3005 6769
3002 4670
3001 9313
3000 7738
2999 4235
2996 5821
2995 7640
2994 9172
2993 5225
2991 3867
2990 8091
2989 9914
2987 8438
2986 9510
2985 8991
2984 8607
2983 7731
2982 9384
2981 5179
2980 6582
2979 5146
2978 4342
2977 9437
2975 5481
2974 8464
2973 9806
2971 8576
2970 6209
2969 3090
2968 4279
2967 3239
2966 5770
2965 4202
2963 7980
2962 9810
2961 5235
2960 6562
2959 3373
2958 3383
2957 7140
2954 7151
2951 5336
2950 8900
2948 3633
2947 3606
2946 9983
2945 5673
2944 4879
2942 8503
2940 4193
2939 8810
2937 7029
2936 4754
2935 8045
2934 8052
2932 6174
2931 3058
2930 4149
2929 7028
2928 9717
2927 6095
2925 4389
2924 5416
2922 5978
2921 6860
2920 7756
2919 7243
2918 3124
2917 3316
2916 7155
2915 9104
2914 6638
2913 9736
2910 4416
2909 5367
2908 5226
2907 9371
2906 6857
2905 3176
2903 5388
2901 8821
2900 7711
2899 3989
2898 3726
2897 8287
2895 4778
2894 5151
2891 3107
2890 6853
2887 4985
2886 5418
2885 7665
2884 9040
2883 3252
2882 8743
2880 8149
2878 9470
2877 5272
2876 3327
2875 4336
2873 9641
2872 4746
2871 6243
2870 5468
2866 5680
2865 6441
2864 4453
2863 8240
2861 8094
2860 6319
2859 5734
2856 8657
2855 5417
2853 7957
2851 3318
2850 6877
2849 6081
2847 7539
2846 3189
2845 3914
2844 6216
2843 9704
2841 6064
2840 6707
2839 7195
2838 7023
2836 9450
2835 9766
2833 3717
2830 2858
2829 7273
2828 7496
2826 3139
2825 7076
2824 2933
2822 9729
2821 8676
2820 5564
2819 8545
2817 8071
2816 9991
2815 6847
2814 6797
2813 6592
2812 6156
2811 3440
2810 8060
2808 3687
2805 6068
2804 6989
2802 7059
2801 4391
2800 4048
2799 4734
2798 6866
2797 5338
2796 3928
2795 8194
2794 6196
2792 9940
2790 3573
2789 5709
2787 8804
2786 9402
2784 8404
2783 5268
2780 5296
2779 7843
2777 8713
2776 7014
2775 6061
2774 3013
2773 5937
2772 6123
2771 9005
2770 3620
2769 7363
2767 4499
2765 3529
2763 7474
2761 8820
2760 9373
2759 3942
2758 8922
2757 4317
2756 4005
2755 9033
2754 9445
2752 5670
2751 3346
2750 4126
2749 9815
2744 2803
2743 3679
2741 6792
2740 8146
2739 3027
2738 5175
2737 5118
2734 9318
2733 7456
2732 4288
2731 7806
2730 9811
2729 9430
2725 3203
2724 4534
2723 5351
2721 5693
2720 5071
2718 6104
2717 7208
2714 7046
2712 9745
2711 3689
2709 3317
2708 2747
2707 9317
2706 9571
2704 7398
2702 9108
2700 6148
2699 4184
2698 5485
2697 7742
2696 4984
2695 8269
2694 9920
2692 4017
2691 7218
2690 5044
2689 5500
2688 9898
2686 7853
2685 9547
2681 5813
2680 6916
2676 7838
2674 7967
2672 4535
2670 9511
2669 2701
2668 2879
2667 3994
2666 6830
2665 5977
2664 7740
2663 5808
2661 4192
2660 5548
2659 2781
2658 9358
2657 9541
2656 7212
2655 4452
2653 5710
2652 9834
2651 7180
2650 7669
2649 8813
2647 3958
2646 9656
2645 3370
2644 4286
2643 8104
2640 6616
2639 8137
2638 6558
2637 6899
2636 4900
2633 4517
2632 9194
2631 6477
2630 8063
2629 6751
2628 6983
2627 6906
2626 6620
2625 8799
2624 2823
2623 9224
2619 4541
2617 8138
2616 7431
2615 2852
2614 3278
2613 8336
2612 2956
2611 4195
2609 5264
2608 4060
2607 7677
2606 5227
2602 6714
2601 6464
2600 4962
2599 3193
2598 8043
2595 8258
2594 6054
2592 8141
2591 9149
2590 2818
2589 2788
2588 9346
2585 4942
2584 7988
2583 6779
2581 6255
2579 6109
2578 9651
2577 7517
2576 5056
2574 8157
2573 9712
2572 7462
2571 9708
2570 9048
2569 6752
2568 6804
2563 4294
2562 7800
2561 7564
2558 2911
2557 5397
2556 7396
2555 5440
2553 5092
2552 2587
2551 6817
2550 6543
2549 3037
2548 9203
2545 9653
2541 4506
2540 8765
2536 8698
2535 4795
2534 6849
2533 6167
2532 8297
2530 5328
2528 4009
2527 4455
2526 8932
2525 7914
2524 8747
2523 4188
2522 3798
2521 5757
2519 4172
2517 4807
2516 3349
2515 6568
2514 9292
2513 4222
2512 3877
2509 8898
2508 4565
2506 6078
2505 7025
2504 9543
2503 6289
2502 8162
2501 6744
2498 3711
2496 5127
2494 5197
2493 9385
2492 3429
2490 8257
2489 2904
2488 6303
2487 4470
2485 7455
2484 9472
2482 3694
2481 6502
2480 9764
2479 6496
2478 7890
2477 8213
2476 6403
2475 4140
2474 6576
2473 4745
2472 5135
2471 5261
2469 3962
2468 8855
2466 9027
2465 2893
2464 9259
2463 6301
2462 6038
2461 7624
2459 3225
2458 4039
2457 8839
2455 8154
2454 6728
2453 7927
2451 4688
2448 5612
2447 4074
2446 9298
2444 7418
2443 3250
2442 4586
2439 8738
2438 8397
2437 9838
2436 6459
2435 2445
2433 4602
2431 9167
2430 3024
2429 3767
2428 7258
2427 2682
2426 7951
2424 8668
2421 2450
2420 8004
2419 5749
2418 6658
2417 7571
2416 8841
2415 2834
2414 9263
2413 4816
2412 7658
2409 3864
2407 8507
2406 7051
2404 7934
2403 8028
2402 5174
2401 5202
2399 6662
2398 8842
2397 7672
2396 3771
2395 3212
2394 2597
2393 3567
2391 6465
2390 9195
2389 6698
2388 4627
2387 3281
2380 3064
2378 7493
2376 6049
2375 3261
2374 2713
2373 5513
2371 2544
2370 6355
2369 2684
2367 9756
2365 7645
2364 4459
2362 2425
2361 4367
2360 8774
2358 2791
2356 4647
2355 3695
2354 3348
2353 4176
2349 8896
2348 3101
2346 7448
2343 4654
2340 6790
2339 5683
2338 6478
2337 8927
2336 4261
2333 2988
2331 8088
2330 9519
2327 6935
2326 4976
2325 4320
2324 5863
2322 8133
2321 9137
2320 8831
2318 4956
2317 3526
2316 8505
2315 9192
2314 8337
2313 8251
2312 7754
2310 6982
2309 2580
2308 9703
2307 4382
2306 5654
2305 7240
2304 5789
2302 2778
2301 5311
2299 3427
2298 7973
2297 8286
2296 5114
2295 6766
2294 8595
2293 2422
2292 9746
2290 5783
2287 9784
2286 9233
2284 2943
2283 9354
2282 9768
2281 2892
2280 4911
2279 6667
2278 7859
2275 7819
2274 6149
2273 4316
2272 4515
2271 4656
2269 6237
2265 9749
2264 4512
2263 8181
2262 6328
2261 6668
2259 4418
2258 8180
2257 9864
2255 3625
2254 6734
2251 7942
2250 9284
2249 8038
2247 6727
2244 3661
2243 4215
2242 6632
2241 3405
2240 4935
2239 5582
2237 2782
2236 6765
2233 7501
2232 3479
2231 3127
2230 8566
2229 9216
2228 5836
2227 9419
2226 4539
2225 9539
2224 4575
2223 6305
2221 4907
2219 6251
2218 6764
2217 3570
2216 9718
2215 5425
2214 4741
2213 4161
2211 4819
2210 6299
2209 3260
2207 7272
2205 5164
2204 6848
2202 2470
2201 3518
2200 2507
2199 7603
2196 3821
2195 4997
2194 6511
2193 7467
2192 3320
2191 5575
2189 3722
2187 6014
2186 2344
2183 3247
2182 5686
2179 7401
2178 7255
2177 3836
2176 9305
2175 5504
2174 3708
2173 8492
2171 4926
2170 9996
2169 9255
2166 4524
2165 8527
2163 6242
2161 9279
2160 5818
2159 4401
2156 8248
2155 2434
2154 4806
2153 4931
2152 8786
2146 2197
2145 7117
2144 7642
2143 3931
2141 7805
2140 8514
2139 4928
2138 4639
2136 7194
2135 9993
2134 7541
2133 4364
2132 3393
2131 8656
2130 7787
2129 7641
2128 8116
2127 5520
2126 9994
2124 5170
2123 3431
2122 8940
2121 8229
2120 6648
2119 5606
2116 9042
2115 5544
2113 9047
2112 5104
2110 5140
2109 3407
2108 8259
2107 2705
2105 6214
2104 2303
2103 5778
2102 7429
2101 2203
2100 9544
2098 9193
2097 2912
2096 5534
2095 5094
2094 2949
2092 7410
2091 3168
2090 9775
2089 9876
2087 7803
2086 9952
2085 3781
2084 5583
2083 5677
2082 9614
2081 4385
2080 9711
2079 7480
2077 6207
2076 9043
2074 7353
2073 5953
2072 3733
2071 2222
2068 9087
2067 3997
2066 9408
2065 2881
2064 5850
2063 3328
2061 3457
2060 4152
2059 8930
2057 2500
2055 3610
2053 5171
2052 5022
2051 5245
2050 4370
2049 3650
2048 6490
2047 8254
2046 7761
2045 4223
2044 9142
2043 2185
2040 4254
2039 7689
2038 6775
2037 4265
2036 9946
2034 8664
2033 8901
2032 9330
2031 2889
2029 9243
2028 9633
2027 8384
2026 4761
2025 3339
2024 7854
2023 3519
2022 7464
2021 2832
2020 7532
2019 6440
2018 8570
2017 6785
2016 6622
2015 3813
2014 4469
2013 4612
2012 8834
2011 9164
2010 9225
2009 5482
2008 6250
2006 6948
2005 5116
2004 4467
2003 8017
2002 6450
2001 9458
1999 6120
1998 9987
1997 8112
1996 4523
1995 4562
1993 8253
1991 5579
1990 6371
1989 7200
1988 6708
1987 9361
1984 9988
1983 2070
1982 2291
1981 3284
1980 2926
1979 4693
1978 5706
1977 9021
1976 6330
1975 3199
1972 6549
1970 8202
1969 2267
1967 5559
1966 3955
1965 6311
1964 4465
1963 7816
1962 8530
1960 8343
1959 4556
1958 7253
1957 3860
1956 2383
1955 3597
1954 8161
1953 5679
1952 4838
1949 8508
1948 4518
1947 2693
1946 9036
1943 5134
1942 2753
1941 5028
1940 4350
1939 7572
1938 9737
1937 3849
1936 8524
1935 9823
1934 3224
1933 7031
1932 6518
1931 5248
1930 4943
1929 9867
1928 3071
1927 5599
1924 2357
1923 8870
1922 5490
1921 3659
1920 7178
1919 8008
1918 7439
1917 2888
1916 9055
1915 8292
1914 8726
1913 4098
1912 6406
1911 7873
1909 5997
1908 5361
1907 3337
1906 4128
1905 5154
1904 9030
1903 2198
1902 9052
1900 8907
1899 3878
1898 5046
1897 6169
1895 2392
1894 5019
1892 5678
1891 6090
1890 8516
1889 4800
1888 2350
1887 7629
1886 2964
1885 6200
1884 1973
1883 6425
1882 9523
1881 4221
1880 7424
1878 7921
1877 6043
1876 6384
1875 3778
1874 2518
1873 4914
1872 1926
1871 7259
1870 7827
1869 3818
1868 8557
1867 5284
1866 7912
1864 2976
1863 4582
1862 8678
1861 3299
1860 2605
1858 7604
1857 2106
1856 3904
1854 6833
1853 5611
1852 3812
1851 8127
1850 6679
1849 7393
1847 9395
1846 4067
1845 7454
1844 7326
1842 5098
1841 7757
1839 9501
1838 8408
1836 7929
1835 8022
1834 9976
1833 3824
1832 7948
1831 8468
1830 6761
1829 8753
1828 5395
1827 9726
1826 4959
1825 6279
1824 6748
1823 3049
1822 2491
1821 3747
1820 2620
1818 4464
1817 7081
1816 3879
1815 9357
1814 5014
1813 3858
1812 2567
1811 3446
1809 6297
1808 4950
1807 2452
1806 9159
1805 2311
1802 8502
1801 4822
1800 3267
1799 7202
1798 2955
1797 2246
1796 5269
1795 5211
1794 6819
1793 2007
1792 2675
1791 6320
1790 2168
1787 5340
1786 5965
1785 6912
1784 3274
1783 7114
1782 7318
1781 2411
1780 6747
1779 8488
1778 6420
1777 9285
1776 3266
1775 6931
1774 5126
1772 8894
1771 9485
1770 7107
1769 9226
1768 2408
1767 3093
1765 9398
1764 6509
1762 2543
1761 3237
1760 7915
1759 2842
1758 9429
1757 2058
1756 5323
1754 9654
1753 4229
1752 3512
1751 3253
1750 9887
1748 6226
1747 4150
1746 9256
1745 2837
1744 8151
1743 3998
1742 8175
1741 3699
1740 5885
1739 2385
1738 3745
1737 5075
1736 3677
1735 9434
1734 5802
1732 4659
1731 3764
1730 8428
1729 8388
1728 3909
1727 8069
1726 5156
1723 2923
1722 8320
1721 9227
1720 3515
1719 5724
1718 6610
1716 4532
1715 4732
1714 5742
1713 7885
1712 2662
1711 7699
1710 7697
1709 9954
1708 2167
1707 8778
1706 4587
1705 3541
1704 7828
1703 7417
1702 4032
1701 9278
1698 6896
1697 2827
1696 5926
1695 4648
1694 8276
1693 2405
1690 3937
1689 5882
1687 8766
1686 5430
1685 3452
1684 6901
1683 9858
1681 7880
1680 1843
1678 8688
1677 5588
1676 4596
1675 7377
1673 6005
1672 3833
1670 7404
1669 9280
1668 3485
1667 2181
1666 3234
1662 1848
1661 8590
1659 6598
1657 3496
1656 3738
1655 5224
1654 9568
1653 3671
1651 5033
1650 3535
1649 9094
1648 6885
1647 3943
1646 8665
1645 8587
1644 8892
1643 2867
1642 7876
1641 3422
1640 8282
1639 7442
1638 8373
1637 6034
1636 5584
1635 8891
1634 2748
1633 2564
1632 1925
1631 7649
1630 3009
1629 4919
1628 3353
1627 9000
1626 4847
1625 7680
1624 3020
1623 5121
1622 4141
1621 3859
1620 8908
1619 8947
1618 9714
1617 3728
1616 6583
1615 5947
1614 1755
1613 7026
1612 3665
1610 7152
1609 8917
1608 2727
1607 2559
1606 8350
1605 7555
1604 3018
1603 2363
1602 4893
1601 9289
1600 3271
1599 7206
1597 9984
1596 6359
1595 5837
1594 6368
1593 7478
1592 8066
1590 1901
1589 8100
1588 2125
1587 2078
1586 8853
1585 6388
1583 4545
1582 9095
1581 3832
1579 9679
1577 3802
1576 8050
1575 9247
1572 8725
1571 6265
1570 8107
1569 2456
1567 6015
1566 6395
1565 5032
1564 6434
1563 8928
1561 8893
1560 2603
1558 4718
1557 7361
1556 7751
1555 6798
1554 7611
1553 8256
1551 6376
1550 2093
1549 9439
1548 5614
1546 4109
1545 6333
1544 7170
1543 5769
1540 6332
1539 4570
1538 2678
1535 9497
1534 6531
1533 4361
1531 5424
1530 8825
1529 6453
1528 2896
1527 2335
1526 4726
1525 9269
1524 3030
1523 6880
1521 9388
1520 3893
1519 6526
1518 2268
1517 8084
1516 7676
1515 7087
1513 9616
1512 6861
1511 5638
1509 6840
1508 8310
1507 6218
1505 6418
1504 7568
1503 2114
1501 6965
1500 7506
1499 4075
1498 6972
1497 4089
1496 9612
1494 4882
1492 8393
1491 6871
1490 3473
1489 3565
1486 7894
1484 9871
1483 6535
1482 6215
1481 3455
1479 5024
1478 8223
1475 8387
1473 2745
1472 6491
1471 2998
1470 5707
1469 8421
1468 2869
1467 3341
1465 8885
1463 7531
1461 7269
1460 8659
1459 9312
1458 4645
1457 8185
1454 9681
1453 3436
1452 7433
1451 6386
1450 3985
1449 5754
1448 8578
1447 1763
1446 2042
1445 8696
1444 7387
1443 9957
1441 8496
1440 4402
1439 2762
1438 9272
1437 2366
1436 3410
1433 7270
1432 2499
1430 6928
1428 8840
1427 5409
1426 5477
1425 1542
1424 1840
1423 3603
1422 3491
1421 3202
1420 5205
1419 2062
1417 7545
1416 4304
1415 8857
1414 2687
1413 3238
1412 5306
1411 8057
1410 2449
1408 2359
1407 1663
1406 9041
1405 1819
1404 4410
1403 3306
1402 6519
1401 1552
1400 4784
1399 4634
1397 2531
1396 1477
1395 7768
1394 3885
1393 3861
1392 2432
1391 8299
1390 6223
1389 2054
1388 3918
1386 2410
1385 2075
1384 7449
1382 8274
1381 1837
1380 6646
1379 2212
1378 6584
1377 6878
1375 3358
1374 7316
1373 5908
1372 8290
1369 3690
1368 4345
1367 3892
1366 8435
1364 2972
1363 8662
1362 3145
1361 4424
1360 4015
1359 8740
1358 1865
1357 5526
1356 4773
1355 8009
1354 1493
1353 8548
1351 9431
1350 4104
1348 5755
1346 6020
1345 4004
1344 6754
1343 9531
1342 6239
1341 3527
1340 5252
1339 4092
1338 7953
1337 4965
1336 3628
1335 7513
1332 4091
1331 7198
1329 5861
1328 6125
1327 6129
1326 5421
1325 5147
1324 7452
1323 5733
1322 9140
1321 2673
1320 6075
1319 7938
1318 4238
1316 9066
1315 6868
1313 7338
1312 7955
1310 6021
1309 9449
1307 7069
1306 9416
1305 5832
1303 2618
1302 8536
1301 3566
1300 9520
1299 2547
1298 3653
1297 1387
1296 5690
1295 5620
1294 2746
1293 9890
1292 2151
1291 6329
1290 3897
1289 5431
1288 7022
1287 2164
1286 2510
1285 7038
1283 8876
1282 2172
1281 7673
1280 8695
1279 8049
1277 7477
1276 7900
1275 7834
1274 1859
1273 1724
1271 5773
1270 4200
1269 7476
1268 6949
1267 4604
1266 1487
1265 6995
1264 6758
1263 8880
1261 1502
1260 9349
1259 7904
1257 7943
1256 4686
1255 4993
1254 9649
1253 7364
1251 2368
1250 2992
1248 9564
1245 4925
1242 6273
1241 2030
1240 8773
1238 9454
1237 3672
1236 7975
1235 2329
1234 3889
1233 7725
1232 9171
1231 6211
1230 2831
1229 4638
1228 6547
1227 1855
1226 4527
1225 9161
1224 4510
1223 2235
1222 2654
1221 8158
1219 9639
1218 1370
1217 9632
1216 4555
1214 8221
1213 4422
1212 8168
1211 7810
1210 4112
1209 7503
1207 9136
1206 3602
1205 3332
1204 5169
1203 2593
1202 2806
1201 9475
1200 8197
1199 9209
1198 7623
1197 5217
1196 1803
1195 6185
1194 2529
1193 8817
1192 2379
1191 6722
1189 6175
1188 6451
1187 8079
1185 8166
1184 1994
1183 4862
1182 2157
1181 4066
1180 4383
1179 2056
1178 6733
1177 8884
1176 1333
1175 3323
1173 5176
1172 5834
1171 4256
1170 5034
1169 1896
1167 8035
1166 7283
1165 6595
1163 7981
1162 4755
1161 5823
1160 6665
1159 3850
1158 5930
1157 7994
1156 7862
1155 7143
1154 7857
1153 1174
1152 4327
1151 4760
1150 2495
1149 7437
1148 5473
1146 2220
1143 3188
1142 9905
1141 1584
1140 9875
1139 9671
1138 1485
1137 7033
1136 7764
1135 3228
1134 5097
1133 1671
1132 8131
1131 7977
1130 8380
1129 1304
1128 6240
1127 7598
1126 5569
1125 6596
1124 2285
1123 5131
1122 2742
1121 2586
1120 9448
1117 7383
1116 2334
1115 3522
1114 8323
1113 8332
1112 6968
1110 1480
1109 7149
1108 8436
1107 6283
1106 8869
1105 7594
1104 8520
1103 7285
1102 5499
1101 8769
1100 6483
1098 6919
1097 5515
1096 6179
1095 9559
1094 8316
1093 5876
1092 1951
1091 1455
1090 8483
1089 4553
1088 8742
1086 9162
1085 5228
1084 7295
1083 6130
1082 6151
1081 1541
1079 6626
1078 3448
1077 5475
1076 7459
1075 5771
1074 4211
1073 7540
1071 7776
1070 1660
1069 2868
1068 2069
1067 7279
1066 1725
1065 8167
1064 3345
1063 4386
1062 3783
1060 4437
1059 8478
1058 9630
1057 7566
1056 4626
1055 3910
1054 9392
1053 7663
1052 4770
1051 8643
1049 5275
1047 9833
1045 3117
1044 4227
1043 1568
1042 8888
1041 2400
1040 2715
1039 8403
1038 6961
1037 3138
1036 7327
1035 3697
1034 8823
1033 8413
1032 4520
1031 1879
1030 9356
1029 8357
1028 1334
1027 5919
1026 1046
1025 5196
1024 2147
1023 8886
1022 3471
1021 2347
1019 2148
1018 9628
1016 3301
1015 5918
1014 6264
1013 3674
1012 1365
1011 1352
1007 8704
1006 4674
1005 8211
1004 2726
1003 5192
1002 8416
1001 4723
1000 4147
999 6893
998 6932
997 5250
996 3903
995 6743
993 7233
992 8613
991 9174
990 7165
989 3052
988 4268
984 4720
982 3499
981 1559
980 6677
979 6777
978 4117
975 4607
972 9924
971 5221
970 8010
969 7130
968 7643
967 3377
966 7569
965 8206
963 7812
962 7408
961 7920
960 9721
959 1679
958 6886
957 9928
956 3520
955 5840
954 9113
953 3737
952 8734
951 6137
950 7204
949 2546
948 4815
947 3845
946 4798
945 7403
944 6522
943 6424
942 2256
941 2483
940 5010
939 1574
938 5423
937 7939
936 5910
935 3847
934 1398
933 1733
932 9623
930 2088
929 6574
928 7070
927 5376
926 1371
924 3707
923 2234
922 7612
921 8347
920 8667
919 3815
918 4180
917 5001
916 6612
915 3647
914 2596
913 2683
912 2575
911 3640
910 6429
909 8709
908 1347
907 5155
906 2710
905 1147
904 3087
903 3308
902 5897
901 9929
900 8714
899 2248
898 6461
897 4044
896 3235
895 5655
894 7565
893 8111
892 8957
891 6513
889 3657
888 8541
887 5138
886 1961
885 2497
883 3354
881 7515
880 7870
879 2862
878 3655
877 1578
875 3587
874 3423
873 4139
872 3276
871 5096
870 3084
869 2253
868 5015
867 8754
866 3478
865 3638
864 8425
863 1442
862 8737
861 6443
860 3183
859 3586
857 7331
856 2874
855 1418
854 7346
853 876
852 8139
850 1278
848 5493
847 3568
846 2648
845 9853
844 6070
843 4750
842 5546
841 7883
840 8218
839 1383
838 7868
837 1376
836 5716
835 6675
834 4449
833 6069
832 2554
831 7042
830 7186
829 851
827 8318
826 8970
825 6580
824 3554
823 8172
822 9563
821 9934
820 7337
819 4357
818 8402
817 3704
816 983
815 3617
814 6060
813 9276
812 7009
811 1682
810 5927
809 7952
808 3134
807 2610
805 5729
804 7118
803 1048
802 2149
801 5672
800 5603
799 2997
798 3680
797 985
796 3662
795 2150
794 9781
793 4702
792 4214
791 1968
790 3698
789 9527
788 9407
787 9473
786 3999
785 6953
784 9463
783 2111
782 6705
781 7399
780 8905
779 2736
778 5373
777 3460
776 8636
775 5464
774 2441
773 5957
771 5109
770 2319
769 9477
768 3875
766 6729
765 5633
764 7282
763 1314
762 8772
761 9672
760 9133
759 7651
758 5062
757 6977
756 9629
755 7753
754 1017
753 1252
752 3362
751 6037
750 7169
749 2486
748 976
747 8756
746 1547
745 1688
744 4328
743 6331
742 3099
741 2332
740 3608
739 5928
738 9236
737 3872
736 8328
735 2952
734 8711
733 5537
732 7949
731 1272
730 4817
729 6093
728 2440
727 2854
726 2345
725 9822
724 4080
723 1330
722 1950
721 3459
720 9201
719 2382
718 1145
717 5317
716 6217
714 2604
713 6372
712 8729
710 4355
709 9892
707 994
706 3623
705 828
704 8843
703 1061
700 1190
699 7159
698 9596
697 8102
696 5993
695 2809
693 1462
692 1144
691 858
690 8998
689 2041
688 3177
687 6986
686 6980
685 1674
684 1804
683 2857
682 5448
681 2634
680 2635
679 8881
678 8309
677 6724
676 2118
675 9777
673 9716
672 4406
671 5095
670 1692
669 2260
667 694
666 8333
665 9877
664 3743
663 1168
662 4283
661 6601
660 7451
659 4808
658 1164
657 8628
656 3988
655 3654
654 1349
653 2766
652 4762
651 849
650 5016
649 6337
647 7020
646 5263
645 767
644 4802
642 9694
641 9850
640 5257
639 7110
638 977
637 8053
636 6419
635 2288
634 2381
633 1580
632 7461
631 1262
630 3129
629 5810
628 3483
627 9418
626 4908
625 6941
624 3305
623 8169
622 3464
621 7001
620 4133
619 6628
617 7249
616 4072
614 9053
613 9309
612 3133
611 7577
610 4351
609 2679
608 1766
607 6560
606 7127
605 3466
604 8562
603 4529
602 6364
601 1945
600 5479
598 4791
597 2323
596 3215
595 7714
594 2184
593 8733
592 643
591 7173
590 5562
589 3921
588 7524
587 8301
586 4263
585 4248
584 1239
583 674
582 4031
581 7560
579 8750
578 5929
577 9303
576 3839
575 7336
574 4344
573 2158
572 3873
571 9562
570 8851
569 1717
568 6367
567 3045
566 599
565 3251
564 2941
563 1099
562 2565
561 1992
560 9688
559 3191
558 3591
557 2142
556 7405
555 6611
554 6389
553 1495
552 3255
551 2671
548 3432
547 8945
546 3917
545 9969
544 7944
543 8321
542 715
541 7021
540 2245
539 8484
538 9393
537 3883
536 1249
535 5073
534 6147
533 6873
532 1111
531 618
530 9778
529 7861
528 2276
527 4151
526 1598
525 3092
524 9573
523 5685
522 2206
521 8573
520 6629
519 5390
518 1431
517 1466
516 4681
515 1072
514 8076
513 5382
511 2716
510 7858
509 7382
508 7659
507 6373
506 8975
505 7593
504 7615
503 3315
502 4704
501 7887
500 2266
499 2377
498 3765
497 1537
496 986
495 1944
494 2537
493 4187
492 2793
491 668
490 6007
489 2300
488 2238
487 6314
486 5843
485 9512
483 3605
482 2582
481 1510
480 9609
479 4378
478 2252
477 2902
476 5120
475 4212
474 6963
473 7534
472 4462
471 2099
470 1514
469 3371
467 7657
466 2277
465 2423
464 4106
463 9406
462 7262
461 4405
460 772
459 8000
458 3631
457 2542
456 5497
455 4703
454 9325
453 4973
452 9891
451 2386
449 7435
448 8506
447 8007
446 7360
445 9244
444 8391
443 4823
442 8027
441 2538
440 4655
439 5496
438 2460
437 5408
436 8906
435 5380
434 5359
433 6439
432 1532
431 5571
430 9645
429 8990
428 8236
427 7636
426 9502
425 6152
424 1562
423 8600
422 9245
421 3334
420 2511
419 6334
418 8641
417 5626
416 3169
415 2677
414 8933
413 5766
412 9335
411 2180
410 3735
409 6680
408 8415
407 1456
406 9588
405 5363
404 9163
403 6573
402 1435
401 2621
400 615
399 6975
398 6186
397 7092
396 5619
395 7666
394 6525
393 1308
392 6973
391 4155
390 8598
389 8833
388 6870
387 7837
386 7310
385 1020
384 8616
383 1893
382 3531
381 9964
380 7916
379 1506
378 4460
377 3011
376 5492
375 8113
374 580
372 6702
371 890
370 3012
369 4319
368 9713
367 4171
366 8781
365 1464
364 8291
363 4289
361 2807
360 5695
359 4785
358 1658
357 5739
356 3973
355 5524
354 3594
353 1434
352 1220
351 8431
350 4892
349 2117
348 2000
346 3151
345 450
344 5602
343 7583
342 4025
341 9516
340 6385
339 5330
338 8687
337 7824
336 3216
334 1186
333 4876
332 7109
331 1488
330 6874
329 6887
328 8645
327 1258
326 9770
325 5624
324 7881
323 5532
322 6470
321 7098
319 5949
318 708
317 2384
316 1476
315 4352
314 2722
313 3067
312 347
311 9732
310 7548
309 8936
307 882
306 1522
305 1974
304 7271
303 6577
302 4495
301 6085
300 5698
299 4995
298 8271
297 3710
296 2785
295 1284
294 8879
293 2566
292 1810
291 7789
290 6063
289 5436
288 7179
287 8973
286 8923
285 1788
284 3811
283 9221
282 1664
281 7735
280 8305
279 8068
278 3749
277 8661
276 3819
275 4988
274 1008
273 3729
272 7103
271 2539
270 5442
269 6552
268 308
267 9436
266 1119
265 6864
264 6407
263 7561
262 9961
261 6401
260 1773
259 7591
258 8300
257 9115
256 1087
255 6159
254 3218
253 7376
252 8951
251 4594
250 1591
249 5420
247 335
246 7445
245 1573
244 3368
243 1910
242 6563
241 8568
240 8949
239 7773
238 5730
237 248
236 1749
235 8519
234 9204
233 5904
232 3536
231 6135
230 5494
229 3248
228 925
227 4513
226 5087
225 8826
224 6351
223 6772
222 1429
221 1247
220 2953
219 8621
218 7362
217 2328
216 3487
215 4581
214 9949
213 9589
212 9615
210 2938
209 9692
208 7525
207 7999
205 1536
204 5201
203 3428
202 8189
201 1080
200 3882
199 987
198 5535
197 9799
196 7007
195 5649
194 9154
193 8626
192 6220
191 8411
190 9077
189 964
188 4163
187 2190
186 9710
185 5523
184 2848
183 5501
182 8359
181 6291
180 806
179 2035
178 6944
177 3198
175 8836
174 1691
173 9081
172 6321
171 5393
170 4019
169 9461
166 1611
165 320
164 1246
163 7578
162 1317
161 1789
160 4114
159 2703
158 7006
157 8083
156 7634
155 1208
154 2560
153 9603
152 9029
151 7770
150 3706
149 6192
148 5181
147 8758
146 3981
145 3601
144 7877
143 4178
142 7416
141 3463
140 7777
139 9899
138 6404
137 4930
136 7172
135 9835
134 6173
132 7917
131 9751
130 1050
129 5459
128 5816
127 3223
126 8108
125 7343
124 6119
123 2735
122 1971
121 3545
120 512
119 6013
118 6295
117 9239
116 5650
115 176
114 7263
113 7012
112 7465
111 3927
110 4707
109 1665
108 711
107 8325
106 373
105 8793
104 3041
103 9341
102 7706
101 7702
100 884
99 9481
98 133
97 6101
96 362
95 6709
94 8925
93 6096
92 4987
91 9288
90 2768
89 484
88 4964
87 7638
86 1311
85 2520
84 6484
83 6143
82 5031
81 2728
80 6757
79 1118
78 6261
77 9114
76 7334
75 4733
74 3987
73 8296
72 6358
71 3692
70 9160
69 4613
68 2622
67 5920
66 7183
65 4050
64 3796
63 2289
62 7875
61 7924
60 2719
59 9514
58 4736
57 7580
56 9855
55 8407
54 3810
53 3180
52 9262
51 5451
50 4692
49 1652
48 2764
47 3360
46 648
45 3713
44 2137
43 3232
42 931
41 8406
40 9381
39 3010
38 6865
37 1474
36 9930
35 206
34 3986
33 3094
32 6277
31 1409
30 9321
29 7054
28 2208
27 2467
26 468
25 5644
24 2270
23 4331
22 2372
21 8307
20 2188
19 6340
18 5233
17 4597
16 4855
15 2162
14 3870
13 6437
12 3039
11 9219
10 8796
9 1215
8 6199
7 9127
6 3050
5 6700
4 211
3 6399
2 3326
1 3398
9695 9696
9667 9668
9517 9518
9425 9426
9399 9400
9085 9086
8735 8736
8143 8144
7831 7832
7619 7620
7549 7550
6843 6844
6391 6392
6325 6326
6205 6206
6039 6040
5639 5640
4443 4444
4309 4310
4295 4296
4225 4226
4167 4168
3563 3564
3309 3310
3163 3164
3003 3004
2641 2642
2351 2352
2341 2342
1985 1986
1699 1700
1243 1244
1009 1010
973 974
701 702
549 550
167 168
