112630
988 989
984 985
982 983
980 981
978 979
976 977
974 975
972 973
970 971
969 986
967 968
965 966
963 964
961 962
960 992
958 959
956 957
954 955
952 953
950 951
948 949
946 947
944 945
942 943
940 941
938 939
936 937
933 934
932 935
930 931
928 929
926 927
923 924
921 922
918 919
916 917
915 925
913 914
911 912
909 910
908 1000
906 907
904 905
902 903
900 901
898 899
895 897
893 894
891 892
888 890
886 920
885 887
883 884
881 882
879 880
877 878
876 889
874 875
872 873
869 870
868 871
866 867
864 865
862 863
860 861
858 859
854 855
853 856
851 857
849 852
847 848
845 846
843 844
842 850
841 896
838 839
837 1001
835 836
832 833
830 831
829 834
826 827
825 828
823 824
821 822
817 818
815 816
814 840
812 813
811 819
810 820
808 809
806 807
804 805
802 803
800 801
798 799
796 797
794 795
792 793
790 791
788 789
785 786
783 784
780 782
778 779
777 781
775 776
772 774
771 773
769 770
766 768
765 767
763 764
762 999
760 761
758 759
756 757
755 787
752 753
750 751
748 749
746 754
745 747
742 744
740 741
738 739
737 743
735 736
733 734
731 732
729 730
726 728
724 725
723 727
721 722
718 719
716 717
714 720
713 715
710 711
709 712
707 708
701 702
699 700
698 703
697 704
696 705
695 706
693 694
691 692
689 690
687 688
685 686
683 987
682 684
680 681
678 679
674 675
673 676
672 677
670 671
668 669
666 667
664 665
662 663
660 661
656 657
654 655
652 653
650 651
648 649
646 647
644 645
642 643
641 658
639 640
637 638
635 636
633 634
632 991
630 631
628 629
626 627
624 625
622 623
620 621
618 619
616 617
614 615
612 613
610 611
608 609
605 606
604 607
602 603
600 601
598 599
595 596
593 594
590 591
588 589
587 597
585 586
583 584
581 582
580 997
578 579
576 577
574 575
572 573
570 571
567 569
565 566
563 564
560 562
558 592
557 559
555 556
553 554
551 552
549 550
548 561
546 547
544 545
541 542
540 543
538 539
536 537
534 535
532 533
530 531
526 527
525 528
523 529
521 524
519 520
517 518
515 516
514 522
513 568
510 511
509 998
507 508
504 505
502 503
501 506
498 499
497 500
495 496
493 494
489 490
487 488
486 512
484 485
483 491
482 492
480 481
478 479
476 477
474 475
472 473
470 471
468 469
466 467
464 465
462 463
460 461
457 458
455 456
452 454
450 451
449 453
447 448
444 446
443 445
441 442
438 440
437 439
435 436
434 996
432 433
430 431
428 429
427 459
424 425
422 423
420 421
418 426
417 419
414 416
412 413
410 411
409 415
407 408
405 406
403 404
401 402
398 400
396 397
395 399
393 394
390 391
388 389
386 392
385 387
382 383
381 384
379 380
373 374
371 372
370 375
369 376
368 377
367 378
365 366
363 364
361 362
359 360
357 358
355 659
354 356
352 353
350 351
346 347
345 348
344 349
342 343
340 341
338 339
336 337
334 335
332 333
328 329
326 327
324 325
322 323
320 321
318 319
316 317
314 315
313 330
311 312
309 310
307 308
305 306
304 990
302 303
300 301
298 299
296 297
294 295
292 293
290 291
288 289
286 287
284 285
282 283
280 281
277 278
276 279
274 275
272 273
270 271
267 268
265 266
262 263
260 261
259 269
257 258
255 256
253 254
252 994
250 251
248 249
246 247
244 245
242 243
239 241
237 238
235 236
232 234
230 264
229 231
227 228
225 226
223 224
221 222
220 233
218 219
216 217
213 214
212 215
210 211
208 209
206 207
204 205
202 203
198 199
197 200
195 201
193 196
191 192
189 190
187 188
186 194
185 240
182 183
181 995
179 180
176 177
174 175
173 178
170 171
169 172
167 168
165 166
161 162
159 160
158 184
156 157
155 163
154 164
152 153
150 151
148 149
146 147
144 145
142 143
140 141
138 139
136 137
134 135
132 133
129 130
127 128
124 126
122 123
121 125
119 120
117 118
115 116
113 114
110 112
109 111
107 108
106 993
104 105
102 103
100 101
99 131
96 97
94 95
92 93
90 98
89 91
86 88
84 85
82 83
81 87
79 80
77 78
75 76
73 74
70 72
68 69
67 71
65 66
62 63
60 61
58 64
57 59
54 55
53 56
51 52
45 46
43 44
42 47
41 48
40 49
39 50
37 38
35 36
33 34
31 32
29 30
27 331
26 28
24 25
22 23
18 19
17 20
16 21
14 15
12 13
10 11
8 9
6 7
3 5
2 4
0 1
